/bin/sh: line 0: cd: /Users/jameslim/Downloads/projects/jellycat-scraping/git_automate.sh: Not a directory
[master f6100a2] daily data on Fri Jan 19 11:03:00 EST 2024
 58 files changed, 46 insertions(+), 3 deletions(-)
 create mode 100644 git.log
 create mode 100644 spark-warehouse/all/.part-00000-13d2cdce-0c43-4fe4-a2b3-2ea354710de2-c000.snappy.parquet.crc
 create mode 100644 spark-warehouse/all/.part-00001-15b0b4b9-98ba-4329-80e3-04c5bd9048dd-c000.snappy.parquet.crc
 create mode 100644 spark-warehouse/all/.part-00002-7033d5c9-7d35-4697-9e46-02fa8305edb3-c000.snappy.parquet.crc
 create mode 100644 spark-warehouse/all/.part-00003-02136b06-63c4-44f8-8c13-6ebfff261b83-c000.snappy.parquet.crc
 create mode 100644 spark-warehouse/all/.part-00004-bdfebcf2-2469-4a08-a34e-fc4257ec99dd-c000.snappy.parquet.crc
 create mode 100644 spark-warehouse/all/.part-00005-4b085141-dc0f-4b81-a77d-16032440847d-c000.snappy.parquet.crc
 create mode 100644 spark-warehouse/all/.part-00006-528a8be3-2985-4320-8792-e6728449a074-c000.snappy.parquet.crc
 create mode 100644 spark-warehouse/all/.part-00007-c97f43d4-99fa-4f60-9303-92f64d66727b-c000.snappy.parquet.crc
 create mode 100644 spark-warehouse/all/_delta_log/.00000000000000000006.json.crc
 create mode 100644 spark-warehouse/all/_delta_log/00000000000000000006.json
 create mode 100644 spark-warehouse/all/part-00000-13d2cdce-0c43-4fe4-a2b3-2ea354710de2-c000.snappy.parquet
 create mode 100644 spark-warehouse/all/part-00001-15b0b4b9-98ba-4329-80e3-04c5bd9048dd-c000.snappy.parquet
 create mode 100644 spark-warehouse/all/part-00002-7033d5c9-7d35-4697-9e46-02fa8305edb3-c000.snappy.parquet
 create mode 100644 spark-warehouse/all/part-00003-02136b06-63c4-44f8-8c13-6ebfff261b83-c000.snappy.parquet
 create mode 100644 spark-warehouse/all/part-00004-bdfebcf2-2469-4a08-a34e-fc4257ec99dd-c000.snappy.parquet
 create mode 100644 spark-warehouse/all/part-00005-4b085141-dc0f-4b81-a77d-16032440847d-c000.snappy.parquet
 create mode 100644 spark-warehouse/all/part-00006-528a8be3-2985-4320-8792-e6728449a074-c000.snappy.parquet
 create mode 100644 spark-warehouse/all/part-00007-c97f43d4-99fa-4f60-9303-92f64d66727b-c000.snappy.parquet
 create mode 100644 spark-warehouse/bronzejellycat/.part-00000-0eb66e3c-5b96-4e9e-b885-c31b3bba209f-c000.snappy.parquet.crc
 create mode 100644 spark-warehouse/bronzejellycat/_delta_log/.00000000000000000014.json.crc
 create mode 100644 spark-warehouse/bronzejellycat/_delta_log/00000000000000000014.json
 create mode 100644 spark-warehouse/bronzejellycat/part-00000-0eb66e3c-5b96-4e9e-b885-c31b3bba209f-c000.snappy.parquet
 create mode 100644 spark-warehouse/bronzesize/.part-00000-277ca9e9-5e98-40bf-b689-0304562b5f0a-c000.snappy.parquet.crc
 create mode 100644 spark-warehouse/bronzesize/_delta_log/.00000000000000000014.json.crc
 create mode 100644 spark-warehouse/bronzesize/_delta_log/00000000000000000014.json
 create mode 100644 spark-warehouse/bronzesize/part-00000-277ca9e9-5e98-40bf-b689-0304562b5f0a-c000.snappy.parquet
 create mode 100644 spark-warehouse/new-in/.part-00000-f36b4c2c-73d0-44b8-94c7-7c17ce622c6d-c000.snappy.parquet.crc
 create mode 100644 spark-warehouse/new-in/_delta_log/.00000000000000000005.json.crc
 create mode 100644 spark-warehouse/new-in/_delta_log/00000000000000000005.json
 create mode 100644 spark-warehouse/new-in/part-00000-f36b4c2c-73d0-44b8-94c7-7c17ce622c6d-c000.snappy.parquet
 create mode 100644 spark-warehouse/out-of-stock/.part-00000-d89d276b-c2d3-433a-ba0c-650371971467-c000.snappy.parquet.crc
 create mode 100644 spark-warehouse/out-of-stock/.part-00001-129c4c21-75b1-491a-a4f8-42bbb551b8d9-c000.snappy.parquet.crc
 create mode 100644 spark-warehouse/out-of-stock/.part-00002-b3ede87b-9863-4dc8-826a-6fc303139d07-c000.snappy.parquet.crc
 create mode 100644 spark-warehouse/out-of-stock/.part-00003-78a6a97e-0495-4b31-a3f6-8dfe59e38ffe-c000.snappy.parquet.crc
 create mode 100644 spark-warehouse/out-of-stock/.part-00004-0c4f64c1-9859-47be-9918-715cdc0d56e6-c000.snappy.parquet.crc
 create mode 100644 spark-warehouse/out-of-stock/.part-00005-c8fb1299-4ca2-4964-8615-19e2022e7ecd-c000.snappy.parquet.crc
 create mode 100644 spark-warehouse/out-of-stock/.part-00006-5fb7a31b-55e9-4903-960d-83bdf562daae-c000.snappy.parquet.crc
 create mode 100644 spark-warehouse/out-of-stock/.part-00007-6339450c-2efc-4410-a13a-e8a67f2db964-c000.snappy.parquet.crc
 create mode 100644 spark-warehouse/out-of-stock/_delta_log/.00000000000000000006.json.crc
 create mode 100644 spark-warehouse/out-of-stock/_delta_log/00000000000000000006.json
 create mode 100644 spark-warehouse/out-of-stock/part-00000-d89d276b-c2d3-433a-ba0c-650371971467-c000.snappy.parquet
 create mode 100644 spark-warehouse/out-of-stock/part-00001-129c4c21-75b1-491a-a4f8-42bbb551b8d9-c000.snappy.parquet
 create mode 100644 spark-warehouse/out-of-stock/part-00002-b3ede87b-9863-4dc8-826a-6fc303139d07-c000.snappy.parquet
 create mode 100644 spark-warehouse/out-of-stock/part-00003-78a6a97e-0495-4b31-a3f6-8dfe59e38ffe-c000.snappy.parquet
 create mode 100644 spark-warehouse/out-of-stock/part-00004-0c4f64c1-9859-47be-9918-715cdc0d56e6-c000.snappy.parquet
 create mode 100644 spark-warehouse/out-of-stock/part-00005-c8fb1299-4ca2-4964-8615-19e2022e7ecd-c000.snappy.parquet
 create mode 100644 spark-warehouse/out-of-stock/part-00006-5fb7a31b-55e9-4903-960d-83bdf562daae-c000.snappy.parquet
 create mode 100644 spark-warehouse/out-of-stock/part-00007-6339450c-2efc-4410-a13a-e8a67f2db964-c000.snappy.parquet
 create mode 100644 spark-warehouse/outofstock-within-3-days/.part-00000-6519ff12-d88b-4552-9f7f-344438af5c94-c000.snappy.parquet.crc
 create mode 100644 spark-warehouse/outofstock-within-3-days/_delta_log/.00000000000000000006.json.crc
 create mode 100644 spark-warehouse/outofstock-within-3-days/_delta_log/00000000000000000006.json
 create mode 100644 spark-warehouse/outofstock-within-3-days/part-00000-6519ff12-d88b-4552-9f7f-344438af5c94-c000.snappy.parquet
 create mode 100644 spark-warehouse/restocked-within-3-days/.part-00000-909329af-0e6e-4497-8374-1d2543dcd519-c000.snappy.parquet.crc
 create mode 100644 spark-warehouse/restocked-within-3-days/_delta_log/.00000000000000000006.json.crc
 create mode 100644 spark-warehouse/restocked-within-3-days/_delta_log/00000000000000000006.json
 create mode 100644 spark-warehouse/restocked-within-3-days/part-00000-909329af-0e6e-4497-8374-1d2543dcd519-c000.snappy.parquet
fatal: could not read Username for 'https://github.com': Device not configured
